TN:
SF:/Users/wingrunr21/Projects/vscode-ruby/server/src/Formatter.ts
FN:20,getFormatter
FN:47,(anonymous_1)
FN:51,(anonymous_2)
FN:53,(anonymous_3)
FNF:4
FNH:0
FNDA:0,getFormatter
FNDA:0,(anonymous_1)
FNDA:0,(anonymous_2)
FNDA:0,(anonymous_3)
DA:14,0
DA:26,0
DA:27,0
DA:36,0
DA:37,0
DA:40,0
DA:42,0
DA:48,0
DA:50,0
DA:52,0
DA:54,0
LF:11
LH:0
BRDA:26,0,0,0
BRDA:26,0,1,0
BRDA:36,1,0,0
BRDA:36,1,1,0
BRF:4
BRH:0
end_of_record
TN:
SF:/Users/wingrunr21/Projects/vscode-ruby/server/src/Linter.ts
FN:27,getLinter
FN:45,lint
FN:48,(anonymous_2)
FN:49,(anonymous_3)
FN:53,(anonymous_4)
FN:55,(anonymous_5)
FN:60,(anonymous_6)
FN:70,(anonymous_7)
FN:72,(anonymous_8)
FNF:9
FNH:0
FNDA:0,getLinter
FNDA:0,lint
FNDA:0,(anonymous_2)
FNDA:0,(anonymous_3)
FNDA:0,(anonymous_4)
FNDA:0,(anonymous_5)
FNDA:0,(anonymous_6)
FNDA:0,(anonymous_7)
FNDA:0,(anonymous_8)
DA:15,0
DA:33,0
DA:34,0
DA:36,0
DA:37,0
DA:42,0
DA:46,0
DA:48,0
DA:50,0
DA:54,0
DA:56,0
DA:61,0
DA:69,0
DA:71,0
DA:73,0
LF:15
LH:0
BRDA:34,0,0,0
BRDA:34,0,1,0
BRDA:36,1,0,0
BRDA:36,1,1,0
BRDA:56,2,0,0
BRDA:56,2,1,0
BRDA:73,3,0,0
BRDA:73,3,1,0
BRF:8
BRH:0
end_of_record
TN:
SF:/Users/wingrunr21/Projects/vscode-ruby/server/src/index.ts
FN:18,(anonymous_0)
FN:40,(anonymous_1)
FN:48,(anonymous_2)
FN:54,(anonymous_3)
FNF:4
FNH:0
FNDA:0,(anonymous_0)
FNDA:0,(anonymous_1)
FNDA:0,(anonymous_2)
FNDA:0,(anonymous_3)
DA:15,0
DA:18,0
DA:19,0
DA:21,0
DA:22,0
DA:23,0
DA:24,0
DA:25,0
DA:26,0
DA:28,0
DA:31,0
DA:33,0
DA:34,0
DA:35,0
DA:37,0
DA:40,0
DA:41,0
DA:45,0
DA:48,0
DA:49,0
DA:54,0
LF:21
LH:0
BRDA:24,0,0,0
BRDA:24,0,1,0
BRF:2
BRH:0
end_of_record
TN:
SF:/Users/wingrunr21/Projects/vscode-ruby/server/src/formatters/NullFormatter.ts
FN:6,(anonymous_0)
FNF:1
FNH:0
FNDA:0,(anonymous_0)
DA:7,0
LF:1
LH:0
BRF:0
BRH:0
end_of_record
TN:
SF:/Users/wingrunr21/Projects/vscode-ruby/server/src/formatters/Rufo.ts
FN:5,(anonymous_0)
FN:10,(anonymous_1)
FNF:2
FNH:0
FNDA:0,(anonymous_0)
FNDA:0,(anonymous_1)
DA:6,0
DA:7,0
DA:11,0
DA:12,0
LF:4
LH:0
BRDA:7,0,0,0
BRDA:7,0,1,0
BRF:2
BRH:0
end_of_record
TN:
SF:/Users/wingrunr21/Projects/vscode-ruby/server/src/formatters/Standard.ts
FN:5,(anonymous_0)
FN:10,(anonymous_1)
FNF:2
FNH:0
FNDA:0,(anonymous_0)
FNDA:0,(anonymous_1)
DA:6,0
DA:7,0
DA:11,0
DA:12,0
DA:13,0
LF:5
LH:0
BRDA:7,0,0,0
BRDA:7,0,1,0
BRF:2
BRH:0
end_of_record
TN:
SF:/Users/wingrunr21/Projects/vscode-ruby/server/src/formatters/index.ts
FNF:0
FNH:0
LF:0
LH:0
BRF:0
BRH:0
end_of_record
TN:
SF:/Users/wingrunr21/Projects/vscode-ruby/server/src/linters/index.ts
FNF:0
FNH:0
LF:0
LH:0
BRF:0
BRH:0
end_of_record
TN:
SF:/Users/wingrunr21/Projects/vscode-ruby/server/src/util/Position.ts
FN:14,(anonymous_0)
FN:19,(anonymous_1)
FN:23,(anonymous_2)
FN:27,(anonymous_3)
FN:31,(anonymous_4)
FN:35,(anonymous_5)
FN:42,(anonymous_6)
FNF:7
FNH:3
FNDA:3,(anonymous_0)
FNDA:1,(anonymous_1)
FNDA:1,(anonymous_2)
FNDA:0,(anonymous_3)
FNDA:0,(anonymous_4)
FNDA:0,(anonymous_5)
FNDA:0,(anonymous_6)
DA:8,1
DA:10,1
DA:15,3
DA:16,3
DA:20,1
DA:24,1
DA:28,0
DA:32,0
DA:36,0
DA:43,0
LF:10
LH:6
BRDA:28,0,0,0
BRDA:28,0,1,0
BRDA:43,1,0,0
BRDA:43,1,1,0
BRF:4
BRH:0
end_of_record
TN:
SF:/Users/wingrunr21/Projects/vscode-ruby/server/src/util/RubyDocumentSymbol.ts
FN:21,isWrapper
FN:26,(anonymous_1)
FNF:2
FNH:0
FNDA:0,isWrapper
FNDA:0,(anonymous_1)
DA:5,0
DA:13,0
DA:22,0
DA:27,0
DA:28,0
DA:30,0
DA:31,0
DA:35,0
DA:37,0
DA:38,0
DA:39,0
DA:40,0
DA:41,0
DA:42,0
DA:43,0
DA:44,0
DA:48,0
DA:49,0
DA:50,0
DA:51,0
DA:52,0
DA:53,0
DA:56,0
DA:57,0
DA:62,0
DA:65,0
DA:66,0
DA:67,0
DA:72,0
DA:75,0
DA:78,0
DA:79,0
DA:82,0
LF:33
LH:0
BRDA:28,0,0,0
BRDA:28,0,1,0
BRDA:37,1,0,0
BRDA:37,1,1,0
BRDA:38,2,0,0
BRDA:38,2,1,0
BRDA:40,3,0,0
BRDA:40,3,1,0
BRDA:43,4,0,0
BRDA:43,4,1,0
BRDA:48,5,0,0
BRDA:48,5,1,0
BRDA:52,6,0,0
BRDA:52,6,1,0
BRDA:56,7,0,0
BRDA:56,7,1,0
BRDA:66,8,0,0
BRDA:66,8,1,0
BRF:18
BRH:0
end_of_record
TN:
SF:/Users/wingrunr21/Projects/vscode-ruby/server/src/util/index.ts
FNF:0
FNH:0
LF:0
LH:0
BRF:0
BRH:0
end_of_record
TN:
SF:/Users/wingrunr21/Projects/vscode-ruby/server/src/util/rebuilder.ts
FN:4,packageToGithubRepo
FN:17,downloadUrl
FN:27,fetchPrebuild
FN:32,(anonymous_3)
FN:33,(anonymous_4)
FN:39,rebuildTreeSitter
FNF:6
FNH:0
FNDA:0,packageToGithubRepo
FNDA:0,downloadUrl
FNDA:0,fetchPrebuild
FNDA:0,(anonymous_3)
FNDA:0,(anonymous_4)
FNDA:0,rebuildTreeSitter
DA:6,0
DA:8,0
DA:9,0
DA:11,0
DA:14,0
DA:18,0
DA:19,0
DA:20,0
DA:24,0
DA:28,0
DA:29,0
DA:30,0
DA:32,0
DA:33,0
DA:34,0
DA:40,0
LF:16
LH:0
BRDA:6,0,0,0
BRDA:6,0,1,0
BRDA:34,1,0,0
BRDA:34,1,1,0
BRF:4
BRH:0
end_of_record
